INFO:werkzeug: * Detected change in '/home/crystal/projects/content-automation/backend/run.py', reloading
WARNING:werkzeug: * Debugger is active!
INFO:werkzeug: * Debugger PIN: 286-297-151
WARNING:werkzeug: * Debugger is active!
INFO:werkzeug: * Debugger PIN: 162-728-660
WARNING:werkzeug: * Debugger is active!
INFO:werkzeug: * Debugger PIN: 162-728-660
INFO:werkzeug:172.18.101.81 - - [20/Feb/2020 06:29:30] "[33mGET /api/sbt/123 HTTP/1.1[0m" 404 -
WARNING:werkzeug: * Debugger is active!
INFO:werkzeug: * Debugger PIN: 162-728-660
INFO:werkzeug:172.18.101.81 - - [20/Feb/2020 06:33:28] "[37mGET /api/sbt/123 HTTP/1.1[0m" 200 -
WARNING:werkzeug: * Debugger is active!
INFO:werkzeug: * Debugger PIN: 162-728-660
INFO:app.test_cases.sbt:Using workdir /home/vikrant/exa_security
INFO:werkzeug:172.18.101.81 - - [20/Feb/2020 06:43:18] "[37mGET /api/sbt/123 HTTP/1.1[0m" 200 -
WARNING:werkzeug: * Debugger is active!
INFO:werkzeug: * Debugger PIN: 162-728-660
WARNING:werkzeug: * Debugger is active!
INFO:werkzeug: * Debugger PIN: 162-728-660
INFO:app.test_cases.sbt:Using workdir /home/vikrant/exa_security
INFO:werkzeug:172.18.101.81 - - [20/Feb/2020 06:49:57] "[37mGET /api/sbt/123 HTTP/1.1[0m" 200 -
INFO:app.test_cases.sbt:Using workdir /home/vikrant/exa_security
INFO:werkzeug:172.18.101.81 - - [20/Feb/2020 06:51:44] "[37mGET /api/sbt/123 HTTP/1.1[0m" 200 -
WARNING:werkzeug: * Debugger is active!
INFO:werkzeug: * Debugger PIN: 162-728-660
INFO:app.test_cases.sbt:Using workdir /home/vikrant/exa_security
INFO:werkzeug:172.18.101.81 - - [20/Feb/2020 08:24:27] "[35m[1mGET /api/sbt/123 HTTP/1.1[0m" 500 -
WARNING:werkzeug: * Debugger is active!
INFO:werkzeug: * Debugger PIN: 162-728-660
INFO:app.test_cases.sbt:Using workdir /home/vikrant/exa_security
INFO:werkzeug:172.18.101.81 - - [20/Feb/2020 08:26:35] "[35m[1mGET /api/sbt/123 HTTP/1.1[0m" 500 -
WARNING:werkzeug: * Debugger is active!
INFO:werkzeug: * Debugger PIN: 162-728-660
INFO:app.test_cases.sbt:Using workdir /home/vikrant/exa_security
INFO:werkzeug:172.18.101.81 - - [20/Feb/2020 08:27:18] "[35m[1mGET /api/sbt/123 HTTP/1.1[0m" 500 -
WARNING:werkzeug: * Debugger is active!
INFO:werkzeug: * Debugger PIN: 162-728-660
INFO:werkzeug: * Detected change in '/home/vikrant/backend/app/test_cases/sbt.py', reloading
WARNING:werkzeug: * Debugger is active!
INFO:werkzeug: * Debugger PIN: 162-728-660
INFO:app.test_cases.sbt:Using workdir /home/vikrant/exa_security
INFO:werkzeug:172.18.101.81 - - [20/Feb/2020 08:29:11] "[37mGET /api/sbt/123 HTTP/1.1[0m" 200 -
INFO:werkzeug: * Detected change in '/home/vikrant/backend/app/test_cases/sbt.py', reloading
WARNING:werkzeug: * Debugger is active!
INFO:werkzeug: * Debugger PIN: 162-728-660
INFO:app.test_cases.sbt:Using workdir /home/vikrant/exa_security
INFO:werkzeug:172.18.101.81 - - [20/Feb/2020 08:29:45] "[35m[1mGET /api/sbt/123 HTTP/1.1[0m" 500 -
WARNING:werkzeug: * Debugger is active!
INFO:werkzeug: * Debugger PIN: 162-728-660
INFO:app.test_cases.sbt:Using workdir /home/vikrant/exa_security
INFO:werkzeug:172.18.101.81 - - [20/Feb/2020 08:44:38] "[35m[1mGET /api/sbt/123 HTTP/1.1[0m" 500 -
INFO:werkzeug: * Detected change in '/home/vikrant/backend/app/test_cases/sbt.py', reloading
WARNING:werkzeug: * Debugger is active!
INFO:werkzeug: * Debugger PIN: 162-728-660
INFO:app.test_cases.sbt:Using workdir /home/vikrant/exa_security
INFO:werkzeug:172.18.101.81 - - [20/Feb/2020 08:46:34] "[37mGET /api/sbt/123 HTTP/1.1[0m" 200 -
INFO:werkzeug: * Detected change in '/home/vikrant/backend/app/test_cases/sbt.py', reloading
WARNING:werkzeug: * Debugger is active!
INFO:werkzeug: * Debugger PIN: 162-728-660
INFO:app.test_cases.sbt:Using workdir /home/vikrant/exa_security
INFO:app.test_cases.sbt:Running command /home/vikrant/sbt/sbt/bin/sbt test and /home/vikrant/exa_security
INFO:werkzeug:172.18.101.81 - - [20/Feb/2020 08:49:57] "[35m[1mGET /api/sbt/123 HTTP/1.1[0m" 500 -
INFO:werkzeug: * Detected change in '/home/vikrant/backend/app/test_cases/sbt.py', reloading
WARNING:werkzeug: * Debugger is active!
INFO:werkzeug: * Debugger PIN: 162-728-660
INFO:app.test_cases.sbt:Using workdir /home/vikrant/exa_security
INFO:app.test_cases.sbt:Running command /home/vikrant/sbt/sbt/bin/sbt test and /home/vikrant/exa_security
DEBUG:app.test_cases.sbt:sbt output CompletedProcess(args=['/home/vikrant/sbt/sbt/bin/sbt', 'test'], returncode=0) 
INFO:werkzeug:172.18.101.81 - - [20/Feb/2020 08:51:50] "[35m[1mGET /api/sbt/123 HTTP/1.1[0m" 500 -
INFO:werkzeug: * Detected change in '/home/vikrant/backend/app/test_cases/sbt.py', reloading
WARNING:werkzeug: * Debugger is active!
INFO:werkzeug: * Debugger PIN: 162-728-660
INFO:app.test_cases.sbt:Using workdir /home/vikrant/exa_security
INFO:app.test_cases.sbt:Running command /home/vikrant/sbt/sbt/bin/sbt test and /home/vikrant/exa_security
DEBUG:app.test_cases.sbt:sbt output CompletedProcess(args=['/home/vikrant/sbt/sbt/bin/sbt', 'test'], returncode=0) 
INFO:werkzeug:172.18.101.81 - - [20/Feb/2020 08:56:32] "[37mGET /api/sbt/123 HTTP/1.1[0m" 200 -
INFO:werkzeug: * Detected change in '/home/vikrant/backend/app/test_cases/sbt.py', reloading
WARNING:werkzeug: * Debugger is active!
INFO:werkzeug: * Debugger PIN: 162-728-660
INFO:app.test_cases.sbt:Using workdir /home/vikrant/exa_security
INFO:app.test_cases.sbt:Running command /home/vikrant/sbt/sbt/bin/sbt test and /home/vikrant/exa_security
WARNING:werkzeug: * Debugger is active!
INFO:werkzeug: * Debugger PIN: 162-728-660
INFO:app.test_cases.sbt:Using workdir /home/vikrant/exa_security
INFO:app.test_cases.sbt:Running command /home/vikrant/sbt/sbt/bin/sbt test and /home/vikrant/exa_security
DEBUG:app.test_cases.sbt:sbt output b'[info] Loading project definition from /home/vikrant/exa_security/project\n[info] Loading settings for project testconfig from build.sbt ...\n[info] Loading settings for project exa_security from build.sbt ...\n[info] Set current project to exa_security (in build file:/home/vikrant/exa_security/)\n[info] AASuite:\n[info] - Queries\n[info] - Parsers\n[info] - Event Builder\n[info] - Content\n[info] - Event Templates\n[info] - Models\n[info] - Rules\n[info] - Rule Dependencies\n[info] - Referenced Models Enabled\n[info] - Unescaped \\\n[info] - Watchlists\n[info] - AlertVendors\n[info] EDSSuite:\n[info] - Collections\n[info] DLSuite:\n[info] - Symbolic Links\n[info] - Parsers\n[info] - Categories\n[info] - Categorization\n[info] - Reports\n[info] ScalaTest\n[info] Run completed in 21 seconds, 946 milliseconds.\n[info] Total number of tests run: 18\n[info] Suites: completed 3, aborted 0\n[info] Tests: succeeded 18, failed 0, canceled 0, ignored 0, pending 0\n[info] All tests passed.\n[info] Passed: Total 18, Failed 0, Errors 0, Passed 18\n[success] Total time: 24 s, completed Feb 20, 2020, 9:15:52 AM\n' 
INFO:werkzeug:172.18.101.81 - - [20/Feb/2020 09:15:52] "[37mGET /api/sbt/123 HTTP/1.1[0m" 200 -
INFO:werkzeug: * Detected change in '/home/vikrant/backend/app/test_cases/sbt.py', reloading
WARNING:werkzeug: * Debugger is active!
INFO:werkzeug: * Debugger PIN: 162-728-660
INFO:app.test_cases.sbt:Using workdir /home/vikrant/exa_security
INFO:app.test_cases.sbt:Running command /home/vikrant/sbt/sbt/bin/sbt test and /home/vikrant/exa_security
DEBUG:app.test_cases.sbt:sbt output CompletedProcess(args=['/home/vikrant/sbt/sbt/bin/sbt', 'test', '>>', '/tmp/foo'], returncode=1) 
INFO:werkzeug:172.18.101.81 - - [20/Feb/2020 09:23:28] "[37mGET /api/sbt/123 HTTP/1.1[0m" 200 -
INFO:werkzeug: * Detected change in '/home/vikrant/backend/app/test_cases/sbt.py', reloading
WARNING:werkzeug: * Debugger is active!
INFO:werkzeug: * Debugger PIN: 162-728-660
INFO:app.test_cases.sbt:Using workdir /home/vikrant/exa_security
INFO:app.test_cases.sbt:Running command /home/vikrant/sbt/sbt/bin/sbt test and /home/vikrant/exa_security
DEBUG:app.test_cases.sbt:sbt output CompletedProcess(args=['/home/vikrant/sbt/sbt/bin/sbt', 'test'], returncode=0) 
INFO:werkzeug:172.18.101.81 - - [20/Feb/2020 09:34:18] "[37mGET /api/sbt/123 HTTP/1.1[0m" 200 -
